

 Error en la consulta: select * from bodegas where bodegaid= 
ERROR:  syntax error at end of input
LINE 1: select * from bodegas where bodegaid=
                                             ^

 Error en la consulta: select p.idproducto, p.referencia, p.nombreproducto, p.idcategoria, b.stock, b.costo, b.idbodegaproductos, p.unidadmedida
                from productos p, bodegasproductos b
                where b.idproducto=p.idproducto
                and p.estado='activo'
                and b.idbodega=
                order by p.idcategoria, p.nombreproducto asc 
ERROR:  syntax error at or near "order"
LINE 6:                 order by p.idcategoria, p.nombreproducto asc
                        ^

 Error en la consulta: select * from bodegas where bodegaid= 
ERROR:  syntax error at end of input
LINE 1: select * from bodegas where bodegaid=
                                             ^

 Error en la consulta: select p.idproducto, p.referencia, p.nombreproducto, p.idcategoria, b.stock, b.costo, b.idbodegaproductos, p.unidadmedida
                from productos p, bodegasproductos b
                where b.idproducto=p.idproducto
                and p.estado='activo'
                and b.idbodega=
                order by p.idcategoria, p.nombreproducto asc 
ERROR:  syntax error at or near "order"
LINE 6:                 order by p.idcategoria, p.nombreproducto asc
                        ^

 Error en la consulta: select * from bodegas where bodegaid= 
ERROR:  syntax error at end of input
LINE 1: select * from bodegas where bodegaid=
                                             ^

 Error en la consulta: select p.idproducto, p.referencia, p.nombreproducto, p.idcategoria, b.stock, b.costo, b.idbodegaproductos, p.unidadmedida
                from productos p, bodegasproductos b
                where b.idproducto=p.idproducto
                and p.estado='activo'
                and b.idbodega=
                order by p.idcategoria, p.nombreproducto asc 
ERROR:  syntax error at or near "order"
LINE 6:                 order by p.idcategoria, p.nombreproducto asc
                        ^