

Inicio de nueva sesion por: 
Id: 1 
Nombre: admin 
Email: admin@gmail.com 
Perfil: 1 
Alias: admin 
Ip: ::1 
Fecha: 2018-05-12 11:31:34 


Inicio de nueva sesion por: 
Id: 1 
Nombre: admin 
Email: admin@gmail.com 
Perfil: 1 
Alias: admin 
Ip: ::1 
Fecha: 2018-05-28 20:08:17 


Inicio de nueva sesion por: 
Id: 1 
Nombre: admin 
Email: admin@gmail.com 
Perfil: 1 
Alias: admin 
Ip: ::1 
Fecha: 2018-05-28 23:09:48 


Inicio de nueva sesion por: 
Id: 1 
Nombre: admin 
Email: admin@gmail.com 
Perfil: 1 
Alias: admin 
Ip: ::1 
Fecha: 2018-05-28 23:09:50 


Inicio de nueva sesion por: 
Id: 1 
Nombre: admin 
Email: admin@gmail.com 
Perfil: 1 
Alias: admin 
Ip: ::1 
Fecha: 2018-05-30 16:09:29 


Inicio de nueva sesion por: 
Id: 1 
Nombre: admin 
Email: admin@gmail.com 
Perfil: 1 
Alias: admin 
Ip: ::1 
Fecha: 2018-05-30 16:09:30 


Inicio de nueva sesion por: 
Id: 1 
Nombre: admin 
Email: admin@gmail.com 
Perfil: 1 
Alias: admin 
Ip: ::1 
Fecha: 2018-06-01 12:05:36 


Inicio de nueva sesion por: 
Id: 1 
Nombre: Docente 
Email: admin@gmail.com 
Perfil: 1 
Alias: docente 
Ip: ::1 
Fecha: 2018-06-01 16:07:04 


Inicio de nueva sesion por: 
Id: 1 
Nombre: Docente 
Email: admin@gmail.com 
Perfil: 1 
Alias: docente 
Ip: ::1 
Fecha: 2018-06-02 09:49:46 


Inicio de nueva sesion por: 
Id: 1 
Nombre: Docente 
Email: admin@gmail.com 
Perfil: 1 
Alias: docente 
Ip: ::1 
Fecha: 2018-06-03 00:16:02 


Inicio de nueva sesion por: 
Id: 37 
Nombre: DANIEL CASTILLO 
Email: dcaguirre97@gmail.com 
Perfil: 20 
Alias: DAN9712 
Ip: ::1 
Fecha: 2018-06-03 00:45:03 
